#! /usr/bin/vvp
:ivl_version "10.3 (stable)";
:ivl_delay_selection "TYPICAL";
:vpi_time_precision - 12;
:vpi_module "system";
:vpi_module "vhdl_sys";
:vpi_module "v2005_math";
:vpi_module "va_math";
S_0x55af0a779280 .scope module, "openmips_min_sopc_tb" "openmips_min_sopc_tb" 2 4;
 .timescale -9 -12;
v0x55af0a7ffef0_0 .var "CLOCK_50", 0 0;
v0x55af0a7fff90_0 .var "rst", 0 0;
S_0x55af0a779400 .scope module, "openmips_min_sopc0" "openmips_min_sopc" 2 29, 3 3 0, S_0x55af0a779280;
 .timescale 0 0;
    .port_info 0 /INPUT 1 "clk"
    .port_info 1 /INPUT 1 "rst"
v0x55af0a7ffa90_0 .net "clk", 0 0, v0x55af0a7ffef0_0;  1 drivers
v0x55af0a7ffb50_0 .net "inst", 31 0, L_0x55af0a811ac0;  1 drivers
v0x55af0a7ffc10_0 .net "inst_addr", 31 0, L_0x55af0a800050;  1 drivers
v0x55af0a7ffd00_0 .net "rom_ce", 0 0, v0x55af0a7fb980_0;  1 drivers
v0x55af0a7ffda0_0 .net "rst", 0 0, v0x55af0a7fff90_0;  1 drivers
S_0x55af0a77c630 .scope module, "inst_rom0" "inst_rom" 3 21, 4 3 0, S_0x55af0a779400;
 .timescale 0 0;
    .port_info 0 /INPUT 1 "ce"
    .port_info 1 /INPUT 32 "addr"
    .port_info 2 /OUTPUT 32 "inst"
L_0x7fa04cff2018 .functor BUFT 1, C4<0>, C4<0>, C4<0>, C4<0>;
L_0x55af0a800780 .functor XNOR 1, v0x55af0a7fb980_0, L_0x7fa04cff2018, C4<0>, C4<0>;
L_0x7fa04cff20f0 .functor BUFT 1, C4<0>, C4<0>, C4<0>, C4<0>;
L_0x55af0a800b60 .functor XNOR 1, v0x55af0a7fb980_0, L_0x7fa04cff20f0, C4<0>, C4<0>;
L_0x7fa04cff2210 .functor BUFT 1, C4<0>, C4<0>, C4<0>, C4<0>;
L_0x55af0a810fe0 .functor XNOR 1, v0x55af0a7fb980_0, L_0x7fa04cff2210, C4<0>, C4<0>;
L_0x7fa04cff2330 .functor BUFT 1, C4<0>, C4<0>, C4<0>, C4<0>;
L_0x55af0a811640 .functor XNOR 1, v0x55af0a7fb980_0, L_0x7fa04cff2330, C4<0>, C4<0>;
v0x55af0a7c5090_0 .net *"_s11", 16 0, L_0x55af0a800890;  1 drivers
v0x55af0a7bb6c0_0 .net *"_s12", 18 0, L_0x55af0a800930;  1 drivers
L_0x7fa04cff20a8 .functor BUFT 1, C4<00>, C4<0>, C4<0>, C4<0>;
v0x55af0a7bbdb0_0 .net *"_s15", 1 0, L_0x7fa04cff20a8;  1 drivers
v0x55af0a7cdd70_0 .net *"_s16", 7 0, L_0x55af0a8009d0;  1 drivers
v0x55af0a7bca70_0 .net/2u *"_s2", 0 0, L_0x7fa04cff2018;  1 drivers
v0x55af0a7ca4c0_0 .net/2u *"_s20", 0 0, L_0x7fa04cff20f0;  1 drivers
v0x55af0a7f2e60_0 .net *"_s22", 0 0, L_0x55af0a800b60;  1 drivers
L_0x7fa04cff2138 .functor BUFT 1, C4<00000000>, C4<0>, C4<0>, C4<0>;
v0x55af0a7f2f20_0 .net/2u *"_s24", 7 0, L_0x7fa04cff2138;  1 drivers
v0x55af0a7f3000_0 .net *"_s26", 7 0, L_0x55af0a800c70;  1 drivers
v0x55af0a7f30e0_0 .net *"_s29", 16 0, L_0x55af0a800d10;  1 drivers
v0x55af0a7f31c0_0 .net *"_s30", 32 0, L_0x55af0a800df0;  1 drivers
L_0x7fa04cff2180 .functor BUFT 1, C4<0000000000000000>, C4<0>, C4<0>, C4<0>;
v0x55af0a7f32a0_0 .net *"_s33", 15 0, L_0x7fa04cff2180;  1 drivers
L_0x7fa04cff21c8 .functor BUFT 1, C4<000000000000000000000000000000001>, C4<0>, C4<0>, C4<0>;
v0x55af0a7f3380_0 .net/2u *"_s34", 32 0, L_0x7fa04cff21c8;  1 drivers
v0x55af0a7f3460_0 .net *"_s36", 32 0, L_0x55af0a810f40;  1 drivers
v0x55af0a7f3540_0 .net *"_s38", 7 0, L_0x55af0a811190;  1 drivers
v0x55af0a7f3620_0 .net *"_s4", 0 0, L_0x55af0a800780;  1 drivers
v0x55af0a7f36e0_0 .net/2u *"_s42", 0 0, L_0x7fa04cff2210;  1 drivers
v0x55af0a7f37c0_0 .net *"_s44", 0 0, L_0x55af0a810fe0;  1 drivers
L_0x7fa04cff2258 .functor BUFT 1, C4<00000000>, C4<0>, C4<0>, C4<0>;
v0x55af0a7f3880_0 .net/2u *"_s46", 7 0, L_0x7fa04cff2258;  1 drivers
v0x55af0a7f3960_0 .net *"_s48", 7 0, L_0x55af0a811400;  1 drivers
v0x55af0a7f3a40_0 .net *"_s51", 16 0, L_0x55af0a811500;  1 drivers
v0x55af0a7f3b20_0 .net *"_s52", 32 0, L_0x55af0a8115a0;  1 drivers
L_0x7fa04cff22a0 .functor BUFT 1, C4<0000000000000000>, C4<0>, C4<0>, C4<0>;
v0x55af0a7f3c00_0 .net *"_s55", 15 0, L_0x7fa04cff22a0;  1 drivers
L_0x7fa04cff22e8 .functor BUFT 1, C4<000000000000000000000000000000010>, C4<0>, C4<0>, C4<0>;
v0x55af0a7f3ce0_0 .net/2u *"_s56", 32 0, L_0x7fa04cff22e8;  1 drivers
v0x55af0a7f3dc0_0 .net *"_s58", 32 0, L_0x55af0a8116b0;  1 drivers
L_0x7fa04cff2060 .functor BUFT 1, C4<00000000>, C4<0>, C4<0>, C4<0>;
v0x55af0a7f3ea0_0 .net/2u *"_s6", 7 0, L_0x7fa04cff2060;  1 drivers
v0x55af0a7f3f80_0 .net *"_s60", 7 0, L_0x55af0a8118b0;  1 drivers
v0x55af0a7f4060_0 .net/2u *"_s65", 0 0, L_0x7fa04cff2330;  1 drivers
v0x55af0a7f4140_0 .net *"_s67", 0 0, L_0x55af0a811640;  1 drivers
L_0x7fa04cff2378 .functor BUFT 1, C4<00000000>, C4<0>, C4<0>, C4<0>;
v0x55af0a7f4200_0 .net/2u *"_s69", 7 0, L_0x7fa04cff2378;  1 drivers
v0x55af0a7f42e0_0 .net *"_s71", 7 0, L_0x55af0a811ce0;  1 drivers
v0x55af0a7f43c0_0 .net *"_s74", 16 0, L_0x55af0a811e10;  1 drivers
v0x55af0a7f44a0_0 .net *"_s75", 32 0, L_0x55af0a811eb0;  1 drivers
L_0x7fa04cff23c0 .functor BUFT 1, C4<0000000000000000>, C4<0>, C4<0>, C4<0>;
v0x55af0a7f4580_0 .net *"_s78", 15 0, L_0x7fa04cff23c0;  1 drivers
L_0x7fa04cff2408 .functor BUFT 1, C4<000000000000000000000000000000011>, C4<0>, C4<0>, C4<0>;
v0x55af0a7f4660_0 .net/2u *"_s79", 32 0, L_0x7fa04cff2408;  1 drivers
v0x55af0a7f4740_0 .net *"_s8", 7 0, L_0x55af0a8007f0;  1 drivers
v0x55af0a7f4820_0 .net *"_s81", 32 0, L_0x55af0a812090;  1 drivers
v0x55af0a7f4900_0 .net *"_s83", 7 0, L_0x55af0a812220;  1 drivers
v0x55af0a7f49e0_0 .net "addr", 31 0, L_0x55af0a800050;  alias, 1 drivers
v0x55af0a7f4ac0_0 .net "ce", 0 0, v0x55af0a7fb980_0;  alias, 1 drivers
v0x55af0a7f4b80_0 .net "inst", 31 0, L_0x55af0a811ac0;  alias, 1 drivers
v0x55af0a7f4c60 .array "inst_mem", 0 131070, 7 0;
L_0x55af0a8007f0 .array/port v0x55af0a7f4c60, L_0x55af0a800930;
L_0x55af0a800890 .part L_0x55af0a800050, 0, 17;
L_0x55af0a800930 .concat [ 17 2 0 0], L_0x55af0a800890, L_0x7fa04cff20a8;
L_0x55af0a8009d0 .functor MUXZ 8, L_0x55af0a8007f0, L_0x7fa04cff2060, L_0x55af0a800780, C4<>;
L_0x55af0a800c70 .array/port v0x55af0a7f4c60, L_0x55af0a810f40;
L_0x55af0a800d10 .part L_0x55af0a800050, 0, 17;
L_0x55af0a800df0 .concat [ 17 16 0 0], L_0x55af0a800d10, L_0x7fa04cff2180;
L_0x55af0a810f40 .arith/sum 33, L_0x55af0a800df0, L_0x7fa04cff21c8;
L_0x55af0a811190 .functor MUXZ 8, L_0x55af0a800c70, L_0x7fa04cff2138, L_0x55af0a800b60, C4<>;
L_0x55af0a811400 .array/port v0x55af0a7f4c60, L_0x55af0a8116b0;
L_0x55af0a811500 .part L_0x55af0a800050, 0, 17;
L_0x55af0a8115a0 .concat [ 17 16 0 0], L_0x55af0a811500, L_0x7fa04cff22a0;
L_0x55af0a8116b0 .arith/sum 33, L_0x55af0a8115a0, L_0x7fa04cff22e8;
L_0x55af0a8118b0 .functor MUXZ 8, L_0x55af0a811400, L_0x7fa04cff2258, L_0x55af0a810fe0, C4<>;
L_0x55af0a811ac0 .concat8 [ 8 8 8 8], L_0x55af0a812220, L_0x55af0a8118b0, L_0x55af0a811190, L_0x55af0a8009d0;
L_0x55af0a811ce0 .array/port v0x55af0a7f4c60, L_0x55af0a812090;
L_0x55af0a811e10 .part L_0x55af0a800050, 0, 17;
L_0x55af0a811eb0 .concat [ 17 16 0 0], L_0x55af0a811e10, L_0x7fa04cff23c0;
L_0x55af0a812090 .arith/sum 33, L_0x55af0a811eb0, L_0x7fa04cff2408;
L_0x55af0a812220 .functor MUXZ 8, L_0x55af0a811ce0, L_0x7fa04cff2378, L_0x55af0a811640, C4<>;
S_0x55af0a7f4da0 .scope module, "openmips0" "openmips" 3 12, 5 3 0, S_0x55af0a779400;
 .timescale 0 0;
    .port_info 0 /INPUT 1 "clk"
    .port_info 1 /INPUT 1 "rst"
    .port_info 2 /INPUT 32 "rom_data_i"
    .port_info 3 /OUTPUT 32 "rom_addr_o"
    .port_info 4 /OUTPUT 1 "rom_ce_o"
L_0x55af0a800050 .functor BUFZ 32, v0x55af0a7fbb70_0, C4<00000000000000000000000000000000>, C4<00000000000000000000000000000000>, C4<00000000000000000000000000000000>;
v0x55af0a7fd310_0 .net "clk", 0 0, v0x55af0a7ffef0_0;  alias, 1 drivers
v0x55af0a7fd3d0_0 .net "ex_aluop_i", 7 0, v0x55af0a7f8f20_0;  1 drivers
v0x55af0a7fd490_0 .net "ex_alusel_i", 2 0, v0x55af0a7f8fc0_0;  1 drivers
v0x55af0a7fd580_0 .net "ex_reg1_i", 31 0, v0x55af0a7f9060_0;  1 drivers
v0x55af0a7fd690_0 .net "ex_reg2_i", 31 0, v0x55af0a7f9100_0;  1 drivers
v0x55af0a7fd7f0_0 .net "ex_waddr_i", 4 0, v0x55af0a7f91f0_0;  1 drivers
v0x55af0a7fd900_0 .net "ex_waddr_o", 4 0, v0x55af0a7f58c0_0;  1 drivers
v0x55af0a7fd9c0_0 .net "ex_wdata_o", 31 0, v0x55af0a7f59a0_0;  1 drivers
v0x55af0a7fda80_0 .net "ex_wreg_i", 0 0, v0x55af0a7f92c0_0;  1 drivers
v0x55af0a7fdb20_0 .net "ex_wreg_o", 0 0, v0x55af0a7f5b40_0;  1 drivers
v0x55af0a7fdbc0_0 .net "id_aluop_o", 7 0, v0x55af0a7f6c30_0;  1 drivers
v0x55af0a7fdcd0_0 .net "id_alusel_o", 2 0, v0x55af0a7f6d30_0;  1 drivers
v0x55af0a7fdde0_0 .net "id_inst_i", 31 0, v0x55af0a7f9e90_0;  1 drivers
v0x55af0a7fdef0_0 .net "id_pc_i", 31 0, v0x55af0a7f9f50_0;  1 drivers
v0x55af0a7fe000_0 .net "id_reg1_o", 31 0, v0x55af0a7f8020_0;  1 drivers
v0x55af0a7fe110_0 .net "id_reg2_o", 31 0, v0x55af0a7f8380_0;  1 drivers
v0x55af0a7fe220_0 .net "id_waddr_o", 4 0, v0x55af0a7f85c0_0;  1 drivers
v0x55af0a7fe440_0 .net "id_wreg_o", 0 0, v0x55af0a7f86a0_0;  1 drivers
v0x55af0a7fe530_0 .net "mem_waddr_i", 4 0, v0x55af0a7f6300_0;  1 drivers
v0x55af0a7fe640_0 .net "mem_waddr_o", 4 0, v0x55af0a7fa7a0_0;  1 drivers
v0x55af0a7fe700_0 .net "mem_wdata_i", 31 0, v0x55af0a7f63f0_0;  1 drivers
v0x55af0a7fe810_0 .net "mem_wdata_o", 31 0, v0x55af0a7fa970_0;  1 drivers
v0x55af0a7fe8d0_0 .net "mem_wreg_i", 0 0, v0x55af0a7f64b0_0;  1 drivers
v0x55af0a7fe9c0_0 .net "mem_wreg_o", 0 0, v0x55af0a7fab30_0;  1 drivers
v0x55af0a7fea60_0 .net "pc", 31 0, v0x55af0a7fbb70_0;  1 drivers
v0x55af0a7feb70_0 .net "reg1_addr", 4 0, v0x55af0a7f7e60_0;  1 drivers
v0x55af0a7fec80_0 .net "reg1_data", 31 0, v0x55af0a7fc4c0_0;  1 drivers
v0x55af0a7fed90_0 .net "reg1_read", 0 0, v0x55af0a7f8100_0;  1 drivers
v0x55af0a7fee80_0 .net "reg2_addr", 4 0, v0x55af0a7f81c0_0;  1 drivers
v0x55af0a7fef90_0 .net "reg2_data", 31 0, v0x55af0a7fc590_0;  1 drivers
v0x55af0a7ff0a0_0 .net "reg2_read", 0 0, v0x55af0a7f8460_0;  1 drivers
v0x55af0a7ff190_0 .net "rom_addr_o", 31 0, L_0x55af0a800050;  alias, 1 drivers
v0x55af0a7ff250_0 .net "rom_ce_o", 0 0, v0x55af0a7fb980_0;  alias, 1 drivers
v0x55af0a7ff550_0 .net "rom_data_i", 31 0, L_0x55af0a811ac0;  alias, 1 drivers
v0x55af0a7ff640_0 .net "rst", 0 0, v0x55af0a7fff90_0;  alias, 1 drivers
v0x55af0a7ff6e0_0 .net "wb_waddr_i", 4 0, v0x55af0a7fb430_0;  1 drivers
v0x55af0a7ff7f0_0 .net "wb_wdata_i", 31 0, v0x55af0a7fb510_0;  1 drivers
v0x55af0a7ff900_0 .net "wb_wreg_i", 0 0, v0x55af0a7fb5f0_0;  1 drivers
S_0x55af0a7f4f20 .scope module, "ex0" "ex" 5 138, 6 3 0, S_0x55af0a7f4da0;
 .timescale 0 0;
    .port_info 0 /INPUT 1 "rst"
    .port_info 1 /INPUT 3 "alusel_i"
    .port_info 2 /INPUT 8 "aluop_i"
    .port_info 3 /INPUT 32 "reg1_data_i"
    .port_info 4 /INPUT 32 "reg2_data_i"
    .port_info 5 /INPUT 5 "waddr_i"
    .port_info 6 /INPUT 1 "wreg_i"
    .port_info 7 /OUTPUT 1 "wreg_o"
    .port_info 8 /OUTPUT 5 "waddr_o"
    .port_info 9 /OUTPUT 32 "wdata_o"
v0x55af0a7f5270_0 .net "aluop_i", 7 0, v0x55af0a7f8f20_0;  alias, 1 drivers
v0x55af0a7f5370_0 .net "alusel_i", 2 0, v0x55af0a7f8fc0_0;  alias, 1 drivers
v0x55af0a7f5450_0 .var "logicout", 31 0;
v0x55af0a7f5510_0 .net "reg1_data_i", 31 0, v0x55af0a7f9060_0;  alias, 1 drivers
v0x55af0a7f55f0_0 .net "reg2_data_i", 31 0, v0x55af0a7f9100_0;  alias, 1 drivers
v0x55af0a7f5720_0 .net "rst", 0 0, v0x55af0a7fff90_0;  alias, 1 drivers
v0x55af0a7f57e0_0 .net "waddr_i", 4 0, v0x55af0a7f91f0_0;  alias, 1 drivers
v0x55af0a7f58c0_0 .var "waddr_o", 4 0;
v0x55af0a7f59a0_0 .var "wdata_o", 31 0;
v0x55af0a7f5a80_0 .net "wreg_i", 0 0, v0x55af0a7f92c0_0;  alias, 1 drivers
v0x55af0a7f5b40_0 .var "wreg_o", 0 0;
E_0x55af0a777060 .event edge, v0x55af0a7f57e0_0, v0x55af0a7f5a80_0, v0x55af0a7f5370_0, v0x55af0a7f5450_0;
E_0x55af0a7765e0 .event edge, v0x55af0a7f5720_0, v0x55af0a7f5270_0, v0x55af0a7f5510_0, v0x55af0a7f55f0_0;
S_0x55af0a7f5d40 .scope module, "ex_mem0" "ex_mem" 5 153, 7 3 0, S_0x55af0a7f4da0;
 .timescale 0 0;
    .port_info 0 /INPUT 1 "clk"
    .port_info 1 /INPUT 1 "rst"
    .port_info 2 /INPUT 1 "ex_wreg"
    .port_info 3 /INPUT 5 "ex_waddr"
    .port_info 4 /INPUT 32 "ex_wdata"
    .port_info 5 /OUTPUT 1 "mem_wreg"
    .port_info 6 /OUTPUT 5 "mem_waddr"
    .port_info 7 /OUTPUT 32 "mem_wdata"
v0x55af0a7f6020_0 .net "clk", 0 0, v0x55af0a7ffef0_0;  alias, 1 drivers
v0x55af0a7f6100_0 .net "ex_waddr", 4 0, v0x55af0a7f58c0_0;  alias, 1 drivers
v0x55af0a7f61c0_0 .net "ex_wdata", 31 0, v0x55af0a7f59a0_0;  alias, 1 drivers
v0x55af0a7f6260_0 .net "ex_wreg", 0 0, v0x55af0a7f5b40_0;  alias, 1 drivers
v0x55af0a7f6300_0 .var "mem_waddr", 4 0;
v0x55af0a7f63f0_0 .var "mem_wdata", 31 0;
v0x55af0a7f64b0_0 .var "mem_wreg", 0 0;
v0x55af0a7f6570_0 .net "rst", 0 0, v0x55af0a7fff90_0;  alias, 1 drivers
E_0x55af0a776840 .event posedge, v0x55af0a7f6020_0;
S_0x55af0a7f6740 .scope module, "id0" "id" 5 74, 8 3 0, S_0x55af0a7f4da0;
 .timescale 0 0;
    .port_info 0 /INPUT 1 "rst"
    .port_info 1 /INPUT 32 "pc_i"
    .port_info 2 /INPUT 32 "inst_i"
    .port_info 3 /INPUT 32 "reg1_data_i"
    .port_info 4 /INPUT 32 "reg2_data_i"
    .port_info 5 /INPUT 32 "ex_wdata_i"
    .port_info 6 /INPUT 5 "ex_waddr_i"
    .port_info 7 /INPUT 1 "ex_wreg_i"
    .port_info 8 /INPUT 32 "mem_wdata_i"
    .port_info 9 /INPUT 5 "mem_waddr_i"
    .port_info 10 /INPUT 1 "mem_wreg_i"
    .port_info 11 /OUTPUT 1 "reg1_read_o"
    .port_info 12 /OUTPUT 1 "reg2_read_o"
    .port_info 13 /OUTPUT 5 "reg1_addr_o"
    .port_info 14 /OUTPUT 5 "reg2_addr_o"
    .port_info 15 /OUTPUT 3 "alusel_o"
    .port_info 16 /OUTPUT 8 "aluop_o"
    .port_info 17 /OUTPUT 32 "reg1_data_o"
    .port_info 18 /OUTPUT 32 "reg2_data_o"
    .port_info 19 /OUTPUT 5 "waddr_o"
    .port_info 20 /OUTPUT 1 "wreg_o"
v0x55af0a7f6c30_0 .var "aluop_o", 7 0;
v0x55af0a7f6d30_0 .var "alusel_o", 2 0;
v0x55af0a7f6e10_0 .net "ex_waddr_i", 4 0, v0x55af0a7f58c0_0;  alias, 1 drivers
v0x55af0a7f6f30_0 .net "ex_wdata_i", 31 0, v0x55af0a7f59a0_0;  alias, 1 drivers
v0x55af0a7f7040_0 .net "ex_wreg_i", 0 0, v0x55af0a7f5b40_0;  alias, 1 drivers
v0x55af0a7f7180_0 .var "imm", 31 0;
v0x55af0a7f7260_0 .net "inst_i", 31 0, v0x55af0a7f9e90_0;  alias, 1 drivers
v0x55af0a7f7340_0 .var "inst_valid", 0 0;
v0x55af0a7f7400_0 .net "mem_waddr_i", 4 0, v0x55af0a7fa7a0_0;  alias, 1 drivers
v0x55af0a7f74e0_0 .net "mem_wdata_i", 31 0, v0x55af0a7fa970_0;  alias, 1 drivers
v0x55af0a7f75c0_0 .net "mem_wreg_i", 0 0, v0x55af0a7fab30_0;  alias, 1 drivers
v0x55af0a7f7680_0 .net "op_function", 5 0, L_0x55af0a800690;  1 drivers
v0x55af0a7f7760_0 .net "op_immediate", 15 0, L_0x55af0a8002c0;  1 drivers
v0x55af0a7f7840_0 .net "op_instr_index", 25 0, L_0x55af0a800360;  1 drivers
v0x55af0a7f7920_0 .net "op_opcode", 5 0, L_0x55af0a8000e0;  1 drivers
v0x55af0a7f7a00_0 .net "op_rd", 4 0, L_0x55af0a800400;  1 drivers
v0x55af0a7f7ae0_0 .net "op_rs", 4 0, L_0x55af0a800180;  1 drivers
v0x55af0a7f7bc0_0 .net "op_rt", 4 0, L_0x55af0a800220;  1 drivers
v0x55af0a7f7ca0_0 .net "op_sa", 4 0, L_0x55af0a8005f0;  1 drivers
v0x55af0a7f7d80_0 .net "pc_i", 31 0, v0x55af0a7f9f50_0;  alias, 1 drivers
v0x55af0a7f7e60_0 .var "reg1_addr_o", 4 0;
v0x55af0a7f7f40_0 .net "reg1_data_i", 31 0, v0x55af0a7fc4c0_0;  alias, 1 drivers
v0x55af0a7f8020_0 .var "reg1_data_o", 31 0;
v0x55af0a7f8100_0 .var "reg1_read_o", 0 0;
v0x55af0a7f81c0_0 .var "reg2_addr_o", 4 0;
v0x55af0a7f82a0_0 .net "reg2_data_i", 31 0, v0x55af0a7fc590_0;  alias, 1 drivers
v0x55af0a7f8380_0 .var "reg2_data_o", 31 0;
v0x55af0a7f8460_0 .var "reg2_read_o", 0 0;
v0x55af0a7f8520_0 .net "rst", 0 0, v0x55af0a7fff90_0;  alias, 1 drivers
v0x55af0a7f85c0_0 .var "waddr_o", 4 0;
v0x55af0a7f86a0_0 .var "wreg_o", 0 0;
E_0x55af0a7d85c0/0 .event edge, v0x55af0a7f5720_0, v0x55af0a7f8460_0, v0x55af0a7f81c0_0, v0x55af0a7f58c0_0;
E_0x55af0a7d85c0/1 .event edge, v0x55af0a7f5b40_0, v0x55af0a7f59a0_0, v0x55af0a7f7400_0, v0x55af0a7f75c0_0;
E_0x55af0a7d85c0/2 .event edge, v0x55af0a7f74e0_0, v0x55af0a7f82a0_0, v0x55af0a7f7180_0;
E_0x55af0a7d85c0 .event/or E_0x55af0a7d85c0/0, E_0x55af0a7d85c0/1, E_0x55af0a7d85c0/2;
E_0x55af0a7d86e0/0 .event edge, v0x55af0a7f5720_0, v0x55af0a7f8100_0, v0x55af0a7f7e60_0, v0x55af0a7f58c0_0;
E_0x55af0a7d86e0/1 .event edge, v0x55af0a7f5b40_0, v0x55af0a7f59a0_0, v0x55af0a7f7400_0, v0x55af0a7f75c0_0;
E_0x55af0a7d86e0/2 .event edge, v0x55af0a7f74e0_0, v0x55af0a7f7f40_0, v0x55af0a7f7180_0;
E_0x55af0a7d86e0 .event/or E_0x55af0a7d86e0/0, E_0x55af0a7d86e0/1, E_0x55af0a7d86e0/2;
E_0x55af0a7f6bb0/0 .event edge, v0x55af0a7f5720_0, v0x55af0a7f7a00_0, v0x55af0a7f7ae0_0, v0x55af0a7f7bc0_0;
E_0x55af0a7f6bb0/1 .event edge, v0x55af0a7f7920_0, v0x55af0a7f7760_0;
E_0x55af0a7f6bb0 .event/or E_0x55af0a7f6bb0/0, E_0x55af0a7f6bb0/1;
L_0x55af0a8000e0 .part v0x55af0a7f9e90_0, 26, 6;
L_0x55af0a800180 .part v0x55af0a7f9e90_0, 21, 5;
L_0x55af0a800220 .part v0x55af0a7f9e90_0, 16, 5;
L_0x55af0a8002c0 .part v0x55af0a7f9e90_0, 0, 16;
L_0x55af0a800360 .part v0x55af0a7f9e90_0, 0, 26;
L_0x55af0a800400 .part v0x55af0a7f9e90_0, 11, 5;
L_0x55af0a8005f0 .part v0x55af0a7f9e90_0, 6, 5;
L_0x55af0a800690 .part v0x55af0a7f9e90_0, 0, 6;
S_0x55af0a7f8ab0 .scope module, "id_ex0" "id_ex" 5 119, 9 3 0, S_0x55af0a7f4da0;
 .timescale 0 0;
    .port_info 0 /INPUT 1 "clk"
    .port_info 1 /INPUT 1 "rst"
    .port_info 2 /INPUT 3 "id_alusel"
    .port_info 3 /INPUT 8 "id_aluop"
    .port_info 4 /INPUT 32 "id_reg1_data"
    .port_info 5 /INPUT 32 "id_reg2_data"
    .port_info 6 /INPUT 5 "id_waddr"
    .port_info 7 /INPUT 1 "id_wreg"
    .port_info 8 /OUTPUT 3 "ex_alusel"
    .port_info 9 /OUTPUT 8 "ex_aluop"
    .port_info 10 /OUTPUT 32 "ex_reg1_data"
    .port_info 11 /OUTPUT 32 "ex_reg2_data"
    .port_info 12 /OUTPUT 5 "ex_waddr"
    .port_info 13 /OUTPUT 1 "ex_wreg"
v0x55af0a7f8e60_0 .net "clk", 0 0, v0x55af0a7ffef0_0;  alias, 1 drivers
v0x55af0a7f8f20_0 .var "ex_aluop", 7 0;
v0x55af0a7f8fc0_0 .var "ex_alusel", 2 0;
v0x55af0a7f9060_0 .var "ex_reg1_data", 31 0;
v0x55af0a7f9100_0 .var "ex_reg2_data", 31 0;
v0x55af0a7f91f0_0 .var "ex_waddr", 4 0;
v0x55af0a7f92c0_0 .var "ex_wreg", 0 0;
v0x55af0a7f9390_0 .net "id_aluop", 7 0, v0x55af0a7f6c30_0;  alias, 1 drivers
v0x55af0a7f9460_0 .net "id_alusel", 2 0, v0x55af0a7f6d30_0;  alias, 1 drivers
v0x55af0a7f9530_0 .net "id_reg1_data", 31 0, v0x55af0a7f8020_0;  alias, 1 drivers
v0x55af0a7f9600_0 .net "id_reg2_data", 31 0, v0x55af0a7f8380_0;  alias, 1 drivers
v0x55af0a7f96d0_0 .net "id_waddr", 4 0, v0x55af0a7f85c0_0;  alias, 1 drivers
v0x55af0a7f97a0_0 .net "id_wreg", 0 0, v0x55af0a7f86a0_0;  alias, 1 drivers
v0x55af0a7f9870_0 .net "rst", 0 0, v0x55af0a7fff90_0;  alias, 1 drivers
S_0x55af0a7f9ad0 .scope module, "if_id0" "if_id" 5 63, 10 3 0, S_0x55af0a7f4da0;
 .timescale 0 0;
    .port_info 0 /INPUT 1 "clk"
    .port_info 1 /INPUT 1 "rst"
    .port_info 2 /INPUT 32 "if_pc"
    .port_info 3 /INPUT 32 "if_inst"
    .port_info 4 /OUTPUT 32 "id_pc"
    .port_info 5 /OUTPUT 32 "id_inst"
v0x55af0a7f9d80_0 .net "clk", 0 0, v0x55af0a7ffef0_0;  alias, 1 drivers
v0x55af0a7f9e90_0 .var "id_inst", 31 0;
v0x55af0a7f9f50_0 .var "id_pc", 31 0;
v0x55af0a7fa020_0 .net "if_inst", 31 0, L_0x55af0a811ac0;  alias, 1 drivers
v0x55af0a7fa0f0_0 .net "if_pc", 31 0, v0x55af0a7fbb70_0;  alias, 1 drivers
v0x55af0a7fa1e0_0 .net "rst", 0 0, v0x55af0a7fff90_0;  alias, 1 drivers
S_0x55af0a7fa410 .scope module, "mem0" "mem" 5 166, 11 3 0, S_0x55af0a7f4da0;
 .timescale 0 0;
    .port_info 0 /INPUT 1 "rst"
    .port_info 1 /INPUT 1 "wreg_i"
    .port_info 2 /INPUT 5 "waddr_i"
    .port_info 3 /INPUT 32 "wdata_i"
    .port_info 4 /OUTPUT 1 "wreg_o"
    .port_info 5 /OUTPUT 5 "waddr_o"
    .port_info 6 /OUTPUT 32 "wdata_o"
v0x55af0a7fa620_0 .net "rst", 0 0, v0x55af0a7fff90_0;  alias, 1 drivers
v0x55af0a7fa6e0_0 .net "waddr_i", 4 0, v0x55af0a7f6300_0;  alias, 1 drivers
v0x55af0a7fa7a0_0 .var "waddr_o", 4 0;
v0x55af0a7fa8a0_0 .net "wdata_i", 31 0, v0x55af0a7f63f0_0;  alias, 1 drivers
v0x55af0a7fa970_0 .var "wdata_o", 31 0;
v0x55af0a7faa60_0 .net "wreg_i", 0 0, v0x55af0a7f64b0_0;  alias, 1 drivers
v0x55af0a7fab30_0 .var "wreg_o", 0 0;
E_0x55af0a7fa590 .event edge, v0x55af0a7f5720_0, v0x55af0a7f6300_0, v0x55af0a7f64b0_0, v0x55af0a7f63f0_0;
S_0x55af0a7faca0 .scope module, "mem_wb0" "mem_wb" 5 178, 12 3 0, S_0x55af0a7f4da0;
 .timescale 0 0;
    .port_info 0 /INPUT 1 "clk"
    .port_info 1 /INPUT 1 "rst"
    .port_info 2 /INPUT 1 "mem_wreg"
    .port_info 3 /INPUT 5 "mem_waddr"
    .port_info 4 /INPUT 32 "mem_wdata"
    .port_info 5 /OUTPUT 1 "wb_wreg"
    .port_info 6 /OUTPUT 5 "wb_waddr"
    .port_info 7 /OUTPUT 32 "wb_wdata"
v0x55af0a7faf90_0 .net "clk", 0 0, v0x55af0a7ffef0_0;  alias, 1 drivers
v0x55af0a7fb050_0 .net "mem_waddr", 4 0, v0x55af0a7fa7a0_0;  alias, 1 drivers
v0x55af0a7fb160_0 .net "mem_wdata", 31 0, v0x55af0a7fa970_0;  alias, 1 drivers
v0x55af0a7fb250_0 .net "mem_wreg", 0 0, v0x55af0a7fab30_0;  alias, 1 drivers
v0x55af0a7fb340_0 .net "rst", 0 0, v0x55af0a7fff90_0;  alias, 1 drivers
v0x55af0a7fb430_0 .var "wb_waddr", 4 0;
v0x55af0a7fb510_0 .var "wb_wdata", 31 0;
v0x55af0a7fb5f0_0 .var "wb_wreg", 0 0;
S_0x55af0a7fb800 .scope module, "pc_reg0" "pc_reg" 5 53, 13 3 0, S_0x55af0a7f4da0;
 .timescale -9 -12;
    .port_info 0 /INPUT 1 "clk"
    .port_info 1 /INPUT 1 "rst"
    .port_info 2 /OUTPUT 32 "pc"
    .port_info 3 /OUTPUT 1 "ce"
v0x55af0a7fb980_0 .var "ce", 0 0;
v0x55af0a7fba40_0 .net "clk", 0 0, v0x55af0a7ffef0_0;  alias, 1 drivers
v0x55af0a7fbb70_0 .var "pc", 31 0;
v0x55af0a7fbc40_0 .net "rst", 0 0, v0x55af0a7fff90_0;  alias, 1 drivers
S_0x55af0a7fbd50 .scope module, "regfile1" "regfile" 5 103, 14 3 0, S_0x55af0a7f4da0;
 .timescale -9 -12;
    .port_info 0 /INPUT 1 "clk"
    .port_info 1 /INPUT 1 "rst"
    .port_info 2 /INPUT 1 "we"
    .port_info 3 /INPUT 5 "waddr"
    .port_info 4 /INPUT 32 "wdata"
    .port_info 5 /INPUT 1 "re1"
    .port_info 6 /INPUT 5 "raddr1"
    .port_info 7 /OUTPUT 32 "rdata1"
    .port_info 8 /INPUT 1 "re2"
    .port_info 9 /INPUT 5 "raddr2"
    .port_info 10 /OUTPUT 32 "rdata2"
v0x55af0a7fc240_0 .net "clk", 0 0, v0x55af0a7ffef0_0;  alias, 1 drivers
v0x55af0a7fc300_0 .net "raddr1", 4 0, v0x55af0a7f7e60_0;  alias, 1 drivers
v0x55af0a7fc3c0_0 .net "raddr2", 4 0, v0x55af0a7f81c0_0;  alias, 1 drivers
v0x55af0a7fc4c0_0 .var "rdata1", 31 0;
v0x55af0a7fc590_0 .var "rdata2", 31 0;
v0x55af0a7fc630_0 .net "re1", 0 0, v0x55af0a7f8100_0;  alias, 1 drivers
v0x55af0a7fc700_0 .net "re2", 0 0, v0x55af0a7f8460_0;  alias, 1 drivers
v0x55af0a7fc7d0 .array "regs", 0 31, 31 0;
v0x55af0a7fcd20_0 .net "rst", 0 0, v0x55af0a7fff90_0;  alias, 1 drivers
v0x55af0a7fcf60_0 .net "waddr", 4 0, v0x55af0a7fb430_0;  alias, 1 drivers
v0x55af0a7fd050_0 .net "wdata", 31 0, v0x55af0a7fb510_0;  alias, 1 drivers
v0x55af0a7fd120_0 .net "we", 0 0, v0x55af0a7fb5f0_0;  alias, 1 drivers
E_0x55af0a7f9ca0/0 .event edge, v0x55af0a7f5720_0, v0x55af0a7f81c0_0, v0x55af0a7f8100_0, v0x55af0a7fb430_0;
v0x55af0a7fc7d0_0 .array/port v0x55af0a7fc7d0, 0;
v0x55af0a7fc7d0_1 .array/port v0x55af0a7fc7d0, 1;
E_0x55af0a7f9ca0/1 .event edge, v0x55af0a7fb5f0_0, v0x55af0a7fb510_0, v0x55af0a7fc7d0_0, v0x55af0a7fc7d0_1;
v0x55af0a7fc7d0_2 .array/port v0x55af0a7fc7d0, 2;
v0x55af0a7fc7d0_3 .array/port v0x55af0a7fc7d0, 3;
v0x55af0a7fc7d0_4 .array/port v0x55af0a7fc7d0, 4;
v0x55af0a7fc7d0_5 .array/port v0x55af0a7fc7d0, 5;
E_0x55af0a7f9ca0/2 .event edge, v0x55af0a7fc7d0_2, v0x55af0a7fc7d0_3, v0x55af0a7fc7d0_4, v0x55af0a7fc7d0_5;
v0x55af0a7fc7d0_6 .array/port v0x55af0a7fc7d0, 6;
v0x55af0a7fc7d0_7 .array/port v0x55af0a7fc7d0, 7;
v0x55af0a7fc7d0_8 .array/port v0x55af0a7fc7d0, 8;
v0x55af0a7fc7d0_9 .array/port v0x55af0a7fc7d0, 9;
E_0x55af0a7f9ca0/3 .event edge, v0x55af0a7fc7d0_6, v0x55af0a7fc7d0_7, v0x55af0a7fc7d0_8, v0x55af0a7fc7d0_9;
v0x55af0a7fc7d0_10 .array/port v0x55af0a7fc7d0, 10;
v0x55af0a7fc7d0_11 .array/port v0x55af0a7fc7d0, 11;
v0x55af0a7fc7d0_12 .array/port v0x55af0a7fc7d0, 12;
v0x55af0a7fc7d0_13 .array/port v0x55af0a7fc7d0, 13;
E_0x55af0a7f9ca0/4 .event edge, v0x55af0a7fc7d0_10, v0x55af0a7fc7d0_11, v0x55af0a7fc7d0_12, v0x55af0a7fc7d0_13;
v0x55af0a7fc7d0_14 .array/port v0x55af0a7fc7d0, 14;
v0x55af0a7fc7d0_15 .array/port v0x55af0a7fc7d0, 15;
v0x55af0a7fc7d0_16 .array/port v0x55af0a7fc7d0, 16;
v0x55af0a7fc7d0_17 .array/port v0x55af0a7fc7d0, 17;
E_0x55af0a7f9ca0/5 .event edge, v0x55af0a7fc7d0_14, v0x55af0a7fc7d0_15, v0x55af0a7fc7d0_16, v0x55af0a7fc7d0_17;
v0x55af0a7fc7d0_18 .array/port v0x55af0a7fc7d0, 18;
v0x55af0a7fc7d0_19 .array/port v0x55af0a7fc7d0, 19;
v0x55af0a7fc7d0_20 .array/port v0x55af0a7fc7d0, 20;
v0x55af0a7fc7d0_21 .array/port v0x55af0a7fc7d0, 21;
E_0x55af0a7f9ca0/6 .event edge, v0x55af0a7fc7d0_18, v0x55af0a7fc7d0_19, v0x55af0a7fc7d0_20, v0x55af0a7fc7d0_21;
v0x55af0a7fc7d0_22 .array/port v0x55af0a7fc7d0, 22;
v0x55af0a7fc7d0_23 .array/port v0x55af0a7fc7d0, 23;
v0x55af0a7fc7d0_24 .array/port v0x55af0a7fc7d0, 24;
v0x55af0a7fc7d0_25 .array/port v0x55af0a7fc7d0, 25;
E_0x55af0a7f9ca0/7 .event edge, v0x55af0a7fc7d0_22, v0x55af0a7fc7d0_23, v0x55af0a7fc7d0_24, v0x55af0a7fc7d0_25;
v0x55af0a7fc7d0_26 .array/port v0x55af0a7fc7d0, 26;
v0x55af0a7fc7d0_27 .array/port v0x55af0a7fc7d0, 27;
v0x55af0a7fc7d0_28 .array/port v0x55af0a7fc7d0, 28;
v0x55af0a7fc7d0_29 .array/port v0x55af0a7fc7d0, 29;
E_0x55af0a7f9ca0/8 .event edge, v0x55af0a7fc7d0_26, v0x55af0a7fc7d0_27, v0x55af0a7fc7d0_28, v0x55af0a7fc7d0_29;
v0x55af0a7fc7d0_30 .array/port v0x55af0a7fc7d0, 30;
v0x55af0a7fc7d0_31 .array/port v0x55af0a7fc7d0, 31;
E_0x55af0a7f9ca0/9 .event edge, v0x55af0a7fc7d0_30, v0x55af0a7fc7d0_31;
E_0x55af0a7f9ca0 .event/or E_0x55af0a7f9ca0/0, E_0x55af0a7f9ca0/1, E_0x55af0a7f9ca0/2, E_0x55af0a7f9ca0/3, E_0x55af0a7f9ca0/4, E_0x55af0a7f9ca0/5, E_0x55af0a7f9ca0/6, E_0x55af0a7f9ca0/7, E_0x55af0a7f9ca0/8, E_0x55af0a7f9ca0/9;
E_0x55af0a7fc0c0/0 .event edge, v0x55af0a7f5720_0, v0x55af0a7f7e60_0, v0x55af0a7f8100_0, v0x55af0a7fb430_0;
E_0x55af0a7fc0c0/1 .event edge, v0x55af0a7fb5f0_0, v0x55af0a7fb510_0, v0x55af0a7fc7d0_0, v0x55af0a7fc7d0_1;
E_0x55af0a7fc0c0/2 .event edge, v0x55af0a7fc7d0_2, v0x55af0a7fc7d0_3, v0x55af0a7fc7d0_4, v0x55af0a7fc7d0_5;
E_0x55af0a7fc0c0/3 .event edge, v0x55af0a7fc7d0_6, v0x55af0a7fc7d0_7, v0x55af0a7fc7d0_8, v0x55af0a7fc7d0_9;
E_0x55af0a7fc0c0/4 .event edge, v0x55af0a7fc7d0_10, v0x55af0a7fc7d0_11, v0x55af0a7fc7d0_12, v0x55af0a7fc7d0_13;
E_0x55af0a7fc0c0/5 .event edge, v0x55af0a7fc7d0_14, v0x55af0a7fc7d0_15, v0x55af0a7fc7d0_16, v0x55af0a7fc7d0_17;
E_0x55af0a7fc0c0/6 .event edge, v0x55af0a7fc7d0_18, v0x55af0a7fc7d0_19, v0x55af0a7fc7d0_20, v0x55af0a7fc7d0_21;
E_0x55af0a7fc0c0/7 .event edge, v0x55af0a7fc7d0_22, v0x55af0a7fc7d0_23, v0x55af0a7fc7d0_24, v0x55af0a7fc7d0_25;
E_0x55af0a7fc0c0/8 .event edge, v0x55af0a7fc7d0_26, v0x55af0a7fc7d0_27, v0x55af0a7fc7d0_28, v0x55af0a7fc7d0_29;
E_0x55af0a7fc0c0/9 .event edge, v0x55af0a7fc7d0_30, v0x55af0a7fc7d0_31;
E_0x55af0a7fc0c0 .event/or E_0x55af0a7fc0c0/0, E_0x55af0a7fc0c0/1, E_0x55af0a7fc0c0/2, E_0x55af0a7fc0c0/3, E_0x55af0a7fc0c0/4, E_0x55af0a7fc0c0/5, E_0x55af0a7fc0c0/6, E_0x55af0a7fc0c0/7, E_0x55af0a7fc0c0/8, E_0x55af0a7fc0c0/9;
    .scope S_0x55af0a7fb800;
T_0 ;
    %wait E_0x55af0a776840;
    %load/vec4 v0x55af0a7fbc40_0;
    %cmpi/e 1, 0, 1;
    %jmp/0xz  T_0.0, 4;
    %pushi/vec4 0, 0, 1;
    %assign/vec4 v0x55af0a7fb980_0, 0;
    %jmp T_0.1;
T_0.0 ;
    %pushi/vec4 1, 0, 1;
    %assign/vec4 v0x55af0a7fb980_0, 0;
T_0.1 ;
    %jmp T_0;
    .thread T_0;
    .scope S_0x55af0a7fb800;
T_1 ;
    %wait E_0x55af0a776840;
    %load/vec4 v0x55af0a7fb980_0;
    %cmpi/e 0, 0, 1;
    %jmp/0xz  T_1.0, 4;
    %pushi/vec4 0, 0, 32;
    %assign/vec4 v0x55af0a7fbb70_0, 0;
    %jmp T_1.1;
T_1.0 ;
    %load/vec4 v0x55af0a7fbb70_0;
    %addi 4, 0, 32;
    %assign/vec4 v0x55af0a7fbb70_0, 0;
T_1.1 ;
    %jmp T_1;
    .thread T_1;
    .scope S_0x55af0a7f9ad0;
T_2 ;
    %wait E_0x55af0a776840;
    %load/vec4 v0x55af0a7fa1e0_0;
    %cmpi/e 1, 0, 1;
    %jmp/0xz  T_2.0, 4;
    %pushi/vec4 0, 0, 32;
    %assign/vec4 v0x55af0a7f9f50_0, 0;
    %pushi/vec4 0, 0, 32;
    %assign/vec4 v0x55af0a7f9e90_0, 0;
    %jmp T_2.1;
T_2.0 ;
    %load/vec4 v0x55af0a7fa0f0_0;
    %assign/vec4 v0x55af0a7f9f50_0, 0;
    %load/vec4 v0x55af0a7fa020_0;
    %assign/vec4 v0x55af0a7f9e90_0, 0;
T_2.1 ;
    %jmp T_2;
    .thread T_2;
    .scope S_0x55af0a7f6740;
T_3 ;
    %wait E_0x55af0a7f6bb0;
    %load/vec4 v0x55af0a7f8520_0;
    %cmpi/e 1, 0, 1;
    %jmp/0xz  T_3.0, 4;
    %pushi/vec4 0, 0, 3;
    %assign/vec4 v0x55af0a7f6d30_0, 0;
    %pushi/vec4 0, 0, 8;
    %assign/vec4 v0x55af0a7f6c30_0, 0;
    %pushi/vec4 0, 0, 5;
    %assign/vec4 v0x55af0a7f85c0_0, 0;
    %pushi/vec4 0, 0, 1;
    %assign/vec4 v0x55af0a7f86a0_0, 0;
    %pushi/vec4 0, 0, 1;
    %assign/vec4 v0x55af0a7f7340_0, 0;
    %pushi/vec4 0, 0, 1;
    %assign/vec4 v0x55af0a7f8100_0, 0;
    %pushi/vec4 0, 0, 1;
    %assign/vec4 v0x55af0a7f8460_0, 0;
    %pushi/vec4 0, 0, 5;
    %assign/vec4 v0x55af0a7f7e60_0, 0;
    %pushi/vec4 0, 0, 5;
    %assign/vec4 v0x55af0a7f81c0_0, 0;
    %pushi/vec4 0, 0, 32;
    %assign/vec4 v0x55af0a7f7180_0, 0;
    %jmp T_3.1;
T_3.0 ;
    %pushi/vec4 0, 0, 3;
    %assign/vec4 v0x55af0a7f6d30_0, 0;
    %pushi/vec4 0, 0, 8;
    %assign/vec4 v0x55af0a7f6c30_0, 0;
    %load/vec4 v0x55af0a7f7a00_0;
    %assign/vec4 v0x55af0a7f85c0_0, 0;
    %pushi/vec4 0, 0, 1;
    %assign/vec4 v0x55af0a7f86a0_0, 0;
    %pushi/vec4 1, 0, 1;
    %assign/vec4 v0x55af0a7f7340_0, 0;
    %pushi/vec4 0, 0, 1;
    %assign/vec4 v0x55af0a7f8100_0, 0;
    %pushi/vec4 0, 0, 1;
    %assign/vec4 v0x55af0a7f8460_0, 0;
    %load/vec4 v0x55af0a7f7ae0_0;
    %assign/vec4 v0x55af0a7f7e60_0, 0;
    %load/vec4 v0x55af0a7f7bc0_0;
    %assign/vec4 v0x55af0a7f81c0_0, 0;
    %pushi/vec4 0, 0, 32;
    %assign/vec4 v0x55af0a7f7180_0, 0;
    %load/vec4 v0x55af0a7f7920_0;
    %dup/vec4;
    %pushi/vec4 13, 0, 6;
    %cmp/u;
    %jmp/1 T_3.2, 6;
    %jmp T_3.4;
T_3.2 ;
    %pushi/vec4 1, 0, 3;
    %assign/vec4 v0x55af0a7f6d30_0, 0;
    %pushi/vec4 37, 0, 8;
    %assign/vec4 v0x55af0a7f6c30_0, 0;
    %load/vec4 v0x55af0a7f7bc0_0;
    %assign/vec4 v0x55af0a7f85c0_0, 0;
    %pushi/vec4 1, 0, 1;
    %assign/vec4 v0x55af0a7f86a0_0, 0;
    %pushi/vec4 0, 0, 1;
    %assign/vec4 v0x55af0a7f7340_0, 0;
    %pushi/vec4 1, 0, 1;
    %assign/vec4 v0x55af0a7f8100_0, 0;
    %pushi/vec4 0, 0, 1;
    %assign/vec4 v0x55af0a7f8460_0, 0;
    %pushi/vec4 0, 0, 16;
    %load/vec4 v0x55af0a7f7760_0;
    %concat/vec4; draw_concat_vec4
    %assign/vec4 v0x55af0a7f7180_0, 0;
    %jmp T_3.4;
T_3.4 ;
    %pop/vec4 1;
T_3.1 ;
    %jmp T_3;
    .thread T_3, $push;
    .scope S_0x55af0a7f6740;
T_4 ;
    %wait E_0x55af0a7d86e0;
    %load/vec4 v0x55af0a7f8520_0;
    %cmpi/e 1, 0, 1;
    %jmp/0xz  T_4.0, 4;
    %pushi/vec4 0, 0, 32;
    %assign/vec4 v0x55af0a7f8020_0, 0;
    %jmp T_4.1;
T_4.0 ;
    %load/vec4 v0x55af0a7f8100_0;
    %cmpi/e 1, 0, 1;
    %jmp/0xz  T_4.2, 4;
    %load/vec4 v0x55af0a7f7e60_0;
    %load/vec4 v0x55af0a7f6e10_0;
    %cmp/e;
    %flag_get/vec4 4;
    %load/vec4 v0x55af0a7f7040_0;
    %pushi/vec4 1, 0, 1;
    %cmp/e;
    %flag_get/vec4 4;
    %and;
    %flag_set/vec4 8;
    %jmp/0xz  T_4.4, 8;
    %load/vec4 v0x55af0a7f6f30_0;
    %assign/vec4 v0x55af0a7f8020_0, 0;
    %jmp T_4.5;
T_4.4 ;
    %load/vec4 v0x55af0a7f7e60_0;
    %load/vec4 v0x55af0a7f7400_0;
    %cmp/e;
    %flag_get/vec4 4;
    %load/vec4 v0x55af0a7f75c0_0;
    %pushi/vec4 1, 0, 1;
    %cmp/e;
    %flag_get/vec4 4;
    %and;
    %flag_set/vec4 8;
    %jmp/0xz  T_4.6, 8;
    %load/vec4 v0x55af0a7f74e0_0;
    %assign/vec4 v0x55af0a7f8020_0, 0;
    %jmp T_4.7;
T_4.6 ;
    %load/vec4 v0x55af0a7f7f40_0;
    %assign/vec4 v0x55af0a7f8020_0, 0;
T_4.7 ;
T_4.5 ;
    %jmp T_4.3;
T_4.2 ;
    %load/vec4 v0x55af0a7f8100_0;
    %cmpi/e 0, 0, 1;
    %jmp/0xz  T_4.8, 4;
    %load/vec4 v0x55af0a7f7180_0;
    %assign/vec4 v0x55af0a7f8020_0, 0;
    %jmp T_4.9;
T_4.8 ;
    %pushi/vec4 0, 0, 32;
    %assign/vec4 v0x55af0a7f8020_0, 0;
T_4.9 ;
T_4.3 ;
T_4.1 ;
    %jmp T_4;
    .thread T_4, $push;
    .scope S_0x55af0a7f6740;
T_5 ;
    %wait E_0x55af0a7d85c0;
    %load/vec4 v0x55af0a7f8520_0;
    %cmpi/e 1, 0, 1;
    %jmp/0xz  T_5.0, 4;
    %pushi/vec4 0, 0, 32;
    %assign/vec4 v0x55af0a7f8380_0, 0;
    %jmp T_5.1;
T_5.0 ;
    %load/vec4 v0x55af0a7f8460_0;
    %cmpi/e 1, 0, 1;
    %jmp/0xz  T_5.2, 4;
    %load/vec4 v0x55af0a7f81c0_0;
    %load/vec4 v0x55af0a7f6e10_0;
    %cmp/e;
    %flag_get/vec4 4;
    %load/vec4 v0x55af0a7f7040_0;
    %pushi/vec4 1, 0, 1;
    %cmp/e;
    %flag_get/vec4 4;
    %and;
    %flag_set/vec4 8;
    %jmp/0xz  T_5.4, 8;
    %load/vec4 v0x55af0a7f6f30_0;
    %assign/vec4 v0x55af0a7f8380_0, 0;
    %jmp T_5.5;
T_5.4 ;
    %load/vec4 v0x55af0a7f81c0_0;
    %load/vec4 v0x55af0a7f7400_0;
    %cmp/e;
    %flag_get/vec4 4;
    %load/vec4 v0x55af0a7f75c0_0;
    %pushi/vec4 1, 0, 1;
    %cmp/e;
    %flag_get/vec4 4;
    %and;
    %flag_set/vec4 8;
    %jmp/0xz  T_5.6, 8;
    %load/vec4 v0x55af0a7f74e0_0;
    %assign/vec4 v0x55af0a7f8380_0, 0;
    %jmp T_5.7;
T_5.6 ;
    %load/vec4 v0x55af0a7f82a0_0;
    %assign/vec4 v0x55af0a7f8380_0, 0;
T_5.7 ;
T_5.5 ;
    %jmp T_5.3;
T_5.2 ;
    %load/vec4 v0x55af0a7f8460_0;
    %cmpi/e 0, 0, 1;
    %jmp/0xz  T_5.8, 4;
    %load/vec4 v0x55af0a7f7180_0;
    %assign/vec4 v0x55af0a7f8380_0, 0;
    %jmp T_5.9;
T_5.8 ;
    %pushi/vec4 0, 0, 32;
    %assign/vec4 v0x55af0a7f8380_0, 0;
T_5.9 ;
T_5.3 ;
T_5.1 ;
    %jmp T_5;
    .thread T_5, $push;
    .scope S_0x55af0a7fbd50;
T_6 ;
    %wait E_0x55af0a776840;
    %load/vec4 v0x55af0a7fcd20_0;
    %cmpi/e 0, 0, 1;
    %jmp/0xz  T_6.0, 4;
    %load/vec4 v0x55af0a7fd120_0;
    %pushi/vec4 1, 0, 1;
    %cmp/e;
    %flag_get/vec4 4;
    %load/vec4 v0x55af0a7fcf60_0;
    %pushi/vec4 0, 0, 5;
    %cmp/e;
    %flag_get/vec4 4;
    %inv;
    %and;
    %flag_set/vec4 8;
    %jmp/0xz  T_6.2, 8;
    %load/vec4 v0x55af0a7fd050_0;
    %load/vec4 v0x55af0a7fcf60_0;
    %pad/u 7;
    %ix/vec4 3;
    %ix/load 4, 0, 0; Constant delay
    %assign/vec4/a/d v0x55af0a7fc7d0, 0, 4;
T_6.2 ;
T_6.0 ;
    %jmp T_6;
    .thread T_6;
    .scope S_0x55af0a7fbd50;
T_7 ;
    %wait E_0x55af0a7fc0c0;
    %load/vec4 v0x55af0a7fcd20_0;
    %cmpi/e 1, 0, 1;
    %jmp/0xz  T_7.0, 4;
    %pushi/vec4 0, 0, 32;
    %assign/vec4 v0x55af0a7fc4c0_0, 0;
    %jmp T_7.1;
T_7.0 ;
    %load/vec4 v0x55af0a7fc300_0;
    %cmpi/e 0, 0, 5;
    %jmp/0xz  T_7.2, 4;
    %pushi/vec4 0, 0, 32;
    %assign/vec4 v0x55af0a7fc4c0_0, 0;
    %jmp T_7.3;
T_7.2 ;
    %load/vec4 v0x55af0a7fc630_0;
    %cmpi/e 1, 0, 1;
    %jmp/0xz  T_7.4, 4;
    %load/vec4 v0x55af0a7fc300_0;
    %load/vec4 v0x55af0a7fcf60_0;
    %cmp/e;
    %flag_get/vec4 4;
    %load/vec4 v0x55af0a7fd120_0;
    %pushi/vec4 1, 0, 1;
    %cmp/e;
    %flag_get/vec4 4;
    %and;
    %flag_set/vec4 8;
    %jmp/0xz  T_7.6, 8;
    %load/vec4 v0x55af0a7fd050_0;
    %assign/vec4 v0x55af0a7fc4c0_0, 0;
    %jmp T_7.7;
T_7.6 ;
    %load/vec4 v0x55af0a7fc300_0;
    %pad/u 7;
    %ix/vec4 4;
    %load/vec4a v0x55af0a7fc7d0, 4;
    %assign/vec4 v0x55af0a7fc4c0_0, 0;
T_7.7 ;
    %jmp T_7.5;
T_7.4 ;
    %pushi/vec4 0, 0, 32;
    %assign/vec4 v0x55af0a7fc4c0_0, 0;
T_7.5 ;
T_7.3 ;
T_7.1 ;
    %jmp T_7;
    .thread T_7, $push;
    .scope S_0x55af0a7fbd50;
T_8 ;
    %wait E_0x55af0a7f9ca0;
    %load/vec4 v0x55af0a7fcd20_0;
    %cmpi/e 1, 0, 1;
    %jmp/0xz  T_8.0, 4;
    %pushi/vec4 0, 0, 32;
    %assign/vec4 v0x55af0a7fc590_0, 0;
    %jmp T_8.1;
T_8.0 ;
    %load/vec4 v0x55af0a7fc3c0_0;
    %cmpi/e 0, 0, 5;
    %jmp/0xz  T_8.2, 4;
    %pushi/vec4 0, 0, 32;
    %assign/vec4 v0x55af0a7fc590_0, 0;
    %jmp T_8.3;
T_8.2 ;
    %load/vec4 v0x55af0a7fc630_0;
    %cmpi/e 1, 0, 1;
    %jmp/0xz  T_8.4, 4;
    %load/vec4 v0x55af0a7fc3c0_0;
    %load/vec4 v0x55af0a7fcf60_0;
    %cmp/e;
    %flag_get/vec4 4;
    %load/vec4 v0x55af0a7fd120_0;
    %pushi/vec4 1, 0, 1;
    %cmp/e;
    %flag_get/vec4 4;
    %and;
    %flag_set/vec4 8;
    %jmp/0xz  T_8.6, 8;
    %load/vec4 v0x55af0a7fd050_0;
    %assign/vec4 v0x55af0a7fc590_0, 0;
    %jmp T_8.7;
T_8.6 ;
    %load/vec4 v0x55af0a7fc3c0_0;
    %pad/u 7;
    %ix/vec4 4;
    %load/vec4a v0x55af0a7fc7d0, 4;
    %assign/vec4 v0x55af0a7fc590_0, 0;
T_8.7 ;
    %jmp T_8.5;
T_8.4 ;
    %pushi/vec4 0, 0, 32;
    %assign/vec4 v0x55af0a7fc590_0, 0;
T_8.5 ;
T_8.3 ;
T_8.1 ;
    %jmp T_8;
    .thread T_8, $push;
    .scope S_0x55af0a7f8ab0;
T_9 ;
    %wait E_0x55af0a776840;
    %load/vec4 v0x55af0a7f9870_0;
    %cmpi/e 1, 0, 1;
    %jmp/0xz  T_9.0, 4;
    %pushi/vec4 0, 0, 3;
    %assign/vec4 v0x55af0a7f8fc0_0, 0;
    %pushi/vec4 0, 0, 8;
    %assign/vec4 v0x55af0a7f8f20_0, 0;
    %pushi/vec4 0, 0, 32;
    %assign/vec4 v0x55af0a7f9060_0, 0;
    %pushi/vec4 0, 0, 32;
    %assign/vec4 v0x55af0a7f9100_0, 0;
    %pushi/vec4 0, 0, 5;
    %assign/vec4 v0x55af0a7f91f0_0, 0;
    %pushi/vec4 0, 0, 1;
    %assign/vec4 v0x55af0a7f92c0_0, 0;
    %jmp T_9.1;
T_9.0 ;
    %load/vec4 v0x55af0a7f9460_0;
    %assign/vec4 v0x55af0a7f8fc0_0, 0;
    %load/vec4 v0x55af0a7f9390_0;
    %assign/vec4 v0x55af0a7f8f20_0, 0;
    %load/vec4 v0x55af0a7f9530_0;
    %assign/vec4 v0x55af0a7f9060_0, 0;
    %load/vec4 v0x55af0a7f9600_0;
    %assign/vec4 v0x55af0a7f9100_0, 0;
    %load/vec4 v0x55af0a7f96d0_0;
    %assign/vec4 v0x55af0a7f91f0_0, 0;
    %load/vec4 v0x55af0a7f97a0_0;
    %assign/vec4 v0x55af0a7f92c0_0, 0;
T_9.1 ;
    %jmp T_9;
    .thread T_9;
    .scope S_0x55af0a7f4f20;
T_10 ;
    %wait E_0x55af0a7765e0;
    %load/vec4 v0x55af0a7f5720_0;
    %cmpi/e 1, 0, 1;
    %jmp/0xz  T_10.0, 4;
    %pushi/vec4 0, 0, 32;
    %assign/vec4 v0x55af0a7f5450_0, 0;
    %jmp T_10.1;
T_10.0 ;
    %load/vec4 v0x55af0a7f5270_0;
    %dup/vec4;
    %pushi/vec4 37, 0, 8;
    %cmp/u;
    %jmp/1 T_10.2, 6;
    %pushi/vec4 0, 0, 32;
    %assign/vec4 v0x55af0a7f5450_0, 0;
    %jmp T_10.4;
T_10.2 ;
    %load/vec4 v0x55af0a7f5510_0;
    %load/vec4 v0x55af0a7f55f0_0;
    %or;
    %assign/vec4 v0x55af0a7f5450_0, 0;
    %jmp T_10.4;
T_10.4 ;
    %pop/vec4 1;
T_10.1 ;
    %jmp T_10;
    .thread T_10, $push;
    .scope S_0x55af0a7f4f20;
T_11 ;
    %wait E_0x55af0a777060;
    %load/vec4 v0x55af0a7f57e0_0;
    %assign/vec4 v0x55af0a7f58c0_0, 0;
    %load/vec4 v0x55af0a7f5a80_0;
    %assign/vec4 v0x55af0a7f5b40_0, 0;
    %load/vec4 v0x55af0a7f5370_0;
    %dup/vec4;
    %pushi/vec4 1, 0, 3;
    %cmp/u;
    %jmp/1 T_11.0, 6;
    %pushi/vec4 0, 0, 32;
    %assign/vec4 v0x55af0a7f59a0_0, 0;
    %jmp T_11.2;
T_11.0 ;
    %load/vec4 v0x55af0a7f5450_0;
    %assign/vec4 v0x55af0a7f59a0_0, 0;
    %jmp T_11.2;
T_11.2 ;
    %pop/vec4 1;
    %jmp T_11;
    .thread T_11, $push;
    .scope S_0x55af0a7f5d40;
T_12 ;
    %wait E_0x55af0a776840;
    %load/vec4 v0x55af0a7f6570_0;
    %cmpi/e 1, 0, 1;
    %jmp/0xz  T_12.0, 4;
    %pushi/vec4 0, 0, 5;
    %assign/vec4 v0x55af0a7f6300_0, 0;
    %pushi/vec4 0, 0, 1;
    %assign/vec4 v0x55af0a7f64b0_0, 0;
    %pushi/vec4 0, 0, 32;
    %assign/vec4 v0x55af0a7f63f0_0, 0;
    %jmp T_12.1;
T_12.0 ;
    %load/vec4 v0x55af0a7f6100_0;
    %assign/vec4 v0x55af0a7f6300_0, 0;
    %load/vec4 v0x55af0a7f6260_0;
    %assign/vec4 v0x55af0a7f64b0_0, 0;
    %load/vec4 v0x55af0a7f61c0_0;
    %assign/vec4 v0x55af0a7f63f0_0, 0;
T_12.1 ;
    %jmp T_12;
    .thread T_12;
    .scope S_0x55af0a7fa410;
T_13 ;
    %wait E_0x55af0a7fa590;
    %load/vec4 v0x55af0a7fa620_0;
    %cmpi/e 1, 0, 1;
    %jmp/0xz  T_13.0, 4;
    %pushi/vec4 0, 0, 5;
    %assign/vec4 v0x55af0a7fa7a0_0, 0;
    %pushi/vec4 0, 0, 1;
    %assign/vec4 v0x55af0a7fab30_0, 0;
    %pushi/vec4 0, 0, 32;
    %assign/vec4 v0x55af0a7fa970_0, 0;
    %jmp T_13.1;
T_13.0 ;
    %load/vec4 v0x55af0a7fa6e0_0;
    %assign/vec4 v0x55af0a7fa7a0_0, 0;
    %load/vec4 v0x55af0a7faa60_0;
    %assign/vec4 v0x55af0a7fab30_0, 0;
    %load/vec4 v0x55af0a7fa8a0_0;
    %assign/vec4 v0x55af0a7fa970_0, 0;
T_13.1 ;
    %jmp T_13;
    .thread T_13, $push;
    .scope S_0x55af0a7faca0;
T_14 ;
    %wait E_0x55af0a776840;
    %load/vec4 v0x55af0a7fb340_0;
    %cmpi/e 1, 0, 1;
    %jmp/0xz  T_14.0, 4;
    %pushi/vec4 0, 0, 5;
    %assign/vec4 v0x55af0a7fb430_0, 0;
    %pushi/vec4 0, 0, 1;
    %assign/vec4 v0x55af0a7fb5f0_0, 0;
    %pushi/vec4 0, 0, 32;
    %assign/vec4 v0x55af0a7fb510_0, 0;
    %jmp T_14.1;
T_14.0 ;
    %load/vec4 v0x55af0a7fb050_0;
    %assign/vec4 v0x55af0a7fb430_0, 0;
    %load/vec4 v0x55af0a7fb250_0;
    %assign/vec4 v0x55af0a7fb5f0_0, 0;
    %load/vec4 v0x55af0a7fb160_0;
    %assign/vec4 v0x55af0a7fb510_0, 0;
T_14.1 ;
    %jmp T_14;
    .thread T_14;
    .scope S_0x55af0a77c630;
T_15 ;
    %vpi_call 4 13 "$readmemh", "./AsmTest/inst_rom.data", v0x55af0a7f4c60 {0 0 0};
    %end;
    .thread T_15;
    .scope S_0x55af0a779280;
T_16 ;
    %vpi_call 2 10 "$display", "Start simulation" {0 0 0};
    %end;
    .thread T_16;
    .scope S_0x55af0a779280;
T_17 ;
    %vpi_call 2 14 "$dumpfile", "wave.vcd" {0 0 0};
    %vpi_call 2 15 "$dumpvars" {0 0 0};
    %end;
    .thread T_17;
    .scope S_0x55af0a779280;
T_18 ;
    %pushi/vec4 0, 0, 1;
    %store/vec4 v0x55af0a7ffef0_0, 0, 1;
T_18.0 ;
    %delay 10000, 0;
    %load/vec4 v0x55af0a7ffef0_0;
    %inv;
    %store/vec4 v0x55af0a7ffef0_0, 0, 1;
    %jmp T_18.0;
    %end;
    .thread T_18;
    .scope S_0x55af0a779280;
T_19 ;
    %pushi/vec4 1, 0, 1;
    %store/vec4 v0x55af0a7fff90_0, 0, 1;
    %delay 195000, 0;
    %pushi/vec4 0, 0, 1;
    %store/vec4 v0x55af0a7fff90_0, 0, 1;
    %delay 10000000, 0;
    %vpi_call 2 26 "$finish" {0 0 0};
    %end;
    .thread T_19;
# The file index is used to find the file name in the following table.
:file_names 15;
    "N/A";
    "<interactive>";
    "openmips_mim_sopc_tb.v";
    "openmips_mim_sopc.v";
    "inst_rom.v";
    "openmips.v";
    "ex.v";
    "ex_mem.v";
    "id.v";
    "id_ex.v";
    "if_id.v";
    "mem.v";
    "mem_wb.v";
    "pc_reg.v";
    "regfile.v";
